This is pdfTeX, Version 3.14159265-2.6-1.40.17 (TeX Live 2016/Debian) (preloaded format=pdflatex 2017.5.1)  16 MAY 2017 15:15
entering extended mode
 restricted \write18 enabled.
 %&-line parsing enabled.
**SinFigure.tex
(./SinFigure.tex
LaTeX2e <2017/01/01> patch level 3
Babel <3.9r> and hyphenation patterns for 83 language(s) loaded.
(/usr/share/texlive/texmf-dist/tex/latex/base/article.cls
Document Class: article 2014/09/29 v1.4h Standard LaTeX document class
(/usr/share/texlive/texmf-dist/tex/latex/base/size10.clo
File: size10.clo 2014/09/29 v1.4h Standard LaTeX file (size option)
)
\c@part=\count79
\c@section=\count80
\c@subsection=\count81
\c@subsubsection=\count82
\c@paragraph=\count83
\c@subparagraph=\count84
\c@figure=\count85
\c@table=\count86
\abovecaptionskip=\skip41
\belowcaptionskip=\skip42
\bibindent=\dimen102
)
(/usr/share/texlive/texmf-dist/tex/latex/graphics/graphicx.sty
Package: graphicx 2014/10/28 v1.0g Enhanced LaTeX Graphics (DPC,SPQR)

(/usr/share/texlive/texmf-dist/tex/latex/graphics/keyval.sty
Package: keyval 2014/10/28 v1.15 key=value parser (DPC)
\KV@toks@=\toks14
)
(/usr/share/texlive/texmf-dist/tex/latex/graphics/graphics.sty
Package: graphics 2016/10/09 v1.0u Standard LaTeX Graphics (DPC,SPQR)

(/usr/share/texlive/texmf-dist/tex/latex/graphics/trig.sty
Package: trig 2016/01/03 v1.10 sin cos tan (DPC)
)
(/usr/share/texlive/texmf-dist/tex/latex/graphics-cfg/graphics.cfg
File: graphics.cfg 2016/06/04 v1.11 sample graphics configuration
)
Package graphics Info: Driver file: pdftex.def on input line 99.

(/usr/share/texlive/texmf-dist/tex/latex/graphics-def/pdftex.def
File: pdftex.def 2017/01/12 v0.06k Graphics/color for pdfTeX

(/usr/share/texlive/texmf-dist/tex/generic/oberdiek/infwarerr.sty
Package: infwarerr 2016/05/16 v1.4 Providing info/warning/error messages (HO)
)
(/usr/share/texlive/texmf-dist/tex/generic/oberdiek/ltxcmds.sty
Package: ltxcmds 2016/05/16 v1.23 LaTeX kernel commands for general use (HO)
)
\Gread@gobject=\count87
))
\Gin@req@height=\dimen103
\Gin@req@width=\dimen104
)
(/usr/share/texlive/texmf-dist/tex/latex/graphics/color.sty
Package: color 2016/07/10 v1.1e Standard LaTeX Color (DPC)

(/usr/share/texlive/texmf-dist/tex/latex/graphics-cfg/color.cfg
File: color.cfg 2016/01/02 v1.6 sample color configuration
)
Package color Info: Driver file: pdftex.def on input line 147.
)
(/usr/share/texlive/texmf-dist/tex/latex/framed/framed.sty
Package: framed 2011/10/22 v 0.96: framed or shaded text with page breaks
\OuterFrameSep=\skip43
\fb@frw=\dimen105
\fb@frh=\dimen106
\FrameRule=\dimen107
\FrameSep=\dimen108
)
(/usr/share/texlive/texmf-dist/tex/latex/base/alltt.sty
Package: alltt 1997/06/16 v2.0g defines alltt environment
)
(/usr/share/texlive/texmf-dist/tex/latex/upquote/upquote.sty
Package: upquote 2012/04/19 v1.3 upright-quote and grave-accent glyphs in verba
tim
) (./SinFigure.aux)
\openout1 = `SinFigure.aux'.

LaTeX Font Info:    Checking defaults for OML/cmm/m/it on input line 53.
LaTeX Font Info:    ... okay on input line 53.
LaTeX Font Info:    Checking defaults for T1/cmr/m/n on input line 53.
LaTeX Font Info:    ... okay on input line 53.
LaTeX Font Info:    Checking defaults for OT1/cmr/m/n on input line 53.
LaTeX Font Info:    ... okay on input line 53.
LaTeX Font Info:    Checking defaults for OMS/cmsy/m/n on input line 53.
LaTeX Font Info:    ... okay on input line 53.
LaTeX Font Info:    Checking defaults for OMX/cmex/m/n on input line 53.
LaTeX Font Info:    ... okay on input line 53.
LaTeX Font Info:    Checking defaults for U/cmr/m/n on input line 53.
LaTeX Font Info:    ... okay on input line 53.
(/usr/share/texlive/texmf-dist/tex/context/base/mkii/supp-pdf.mkii
[Loading MPS to PDF converter (version 2006.09.02).]
\scratchcounter=\count88
\scratchdimen=\dimen109
\scratchbox=\box26
\nofMPsegments=\count89
\nofMParguments=\count90
\everyMPshowfont=\toks15
\MPscratchCnt=\count91
\MPscratchDim=\dimen110
\MPnumerator=\count92
\makeMPintoPDFobject=\count93
\everyMPtoPDFconversion=\toks16
) (/usr/share/texlive/texmf-dist/tex/generic/oberdiek/pdftexcmds.sty
Package: pdftexcmds 2016/05/21 v0.22 Utility functions of pdfTeX for LuaTeX (HO
)

(/usr/share/texlive/texmf-dist/tex/generic/oberdiek/ifluatex.sty
Package: ifluatex 2016/05/16 v1.4 Provides the ifluatex switch (HO)
Package ifluatex Info: LuaTeX not detected.
)
(/usr/share/texlive/texmf-dist/tex/generic/oberdiek/ifpdf.sty
Package: ifpdf 2016/05/14 v3.1 Provides the ifpdf switch
)
Package pdftexcmds Info: LuaTeX not detected.
Package pdftexcmds Info: \pdf@primitive is available.
Package pdftexcmds Info: \pdf@ifprimitive is available.
Package pdftexcmds Info: \pdfdraftmode found.
)
(/usr/share/texlive/texmf-dist/tex/latex/oberdiek/epstopdf-base.sty
Package: epstopdf-base 2016/05/15 v2.6 Base part for package epstopdf

(/usr/share/texlive/texmf-dist/tex/latex/oberdiek/grfext.sty
Package: grfext 2016/05/16 v1.2 Manage graphics extensions (HO)

(/usr/share/texlive/texmf-dist/tex/generic/oberdiek/kvdefinekeys.sty
Package: kvdefinekeys 2016/05/16 v1.4 Define keys (HO)
))
(/usr/share/texlive/texmf-dist/tex/latex/oberdiek/kvoptions.sty
Package: kvoptions 2016/05/16 v3.12 Key value format for package options (HO)

(/usr/share/texlive/texmf-dist/tex/generic/oberdiek/kvsetkeys.sty
Package: kvsetkeys 2016/05/16 v1.17 Key value parser (HO)

(/usr/share/texlive/texmf-dist/tex/generic/oberdiek/etexcmds.sty
Package: etexcmds 2016/05/16 v1.6 Avoid name clashes with e-TeX commands (HO)
Package etexcmds Info: Could not find \expanded.
(etexcmds)             That can mean that you are not using pdfTeX 1.50 or
(etexcmds)             that some package has redefined \expanded.
(etexcmds)             In the latter case, load this package earlier.
)))
Package epstopdf-base Info: Redefining graphics rule for `.eps' on input line 4
38.
Package grfext Info: Graphics extension search list:
(grfext)             [.png,.pdf,.jpg,.mps,.jpeg,.jbig2,.jb2,.PNG,.PDF,.JPG,.JPE
G,.JBIG2,.JB2,.eps]
(grfext)             \AppendGraphicsExtensions on input line 456.

(/usr/share/texlive/texmf-dist/tex/latex/latexconfig/epstopdf-sys.cfg
File: epstopdf-sys.cfg 2010/07/13 v1.3 Configuration of (r)epstopdf for TeX Liv
e
))
Package color Info: Redefining color shadecolor on input line 56.
LaTeX Font Info:    Font shape `OT1/cmtt/bx/n' in size <10> not available
(Font)              Font shape `OT1/cmtt/m/n' tried instead on input line 58.

Overfull \hbox (64.49643pt too wide) in paragraph at lines 65--66
[]\OT1/cmtt/m/it/10 ## Conflicts with tidy packages ---------------------------
-------------------[] 
 []

LaTeX Font Info:    Try loading font information for OMS+cmtt on input line 77.

(/usr/share/R/share/texmf/tex/latex/omscmtt.fd
File: omscmtt.fd 
)
LaTeX Font Info:    Font shape `OMS/cmtt/m/n' in size <10> not available
(Font)              Font shape `OMS/cmsy/m/n' tried instead on input line 77.

Overfull \hbox (893.48932pt too wide) in paragraph at lines 77--77
[][]\OT1/cmtt/m/n/10 p1[] []<-[] []ggplot[][](df_linear,[] []aes[][]([][]x[] []
= X,[] []y[] []= f))[] []+[] []geom_line[][]([][]color[] []=[] []muted[][]([][]
"blue"[][],[] []70[][],[] []80[][]),[] []size[] []=[] []1.1[][])[] []+[] []face
t_wrap[][]([][]~[][]method)[] []+[] []stat_function[][]([][]fun[] []= g,[] []li
netype[] []=[] []^^Mdashed^^M[][],[] []color[] []=[] []^^Mblack^^M[][])[] []+[]
 []theme_bw[][]()[] []+[] []xlab[][]([][]"$x$"[][])[] []+[] []ylab[][]([][]"$\O
MS/cmsy/m/n/10 nn\OT1/cmtt/m/n/10 widehat f(x)$"[][])[][] 
 []


Overfull \hbox (43.49661pt too wide) in paragraph at lines 81--82
[]\OT1/cmtt/m/n/10 ## Warning in structure(NULL, class = "waiver"): Calling 'st
ructure(NULL,
 []


Overfull \hbox (43.49661pt too wide) in paragraph at lines 83--83
[]\OT1/cmtt/m/n/10 ## Warning in structure(NULL, class = "waiver"): Calling 'st
ructure(NULL,
 []


Overfull \hbox (898.73927pt too wide) in paragraph at lines 84--84
[][]\OT1/cmtt/m/n/10 p2[] []<-[] []ggplot[][](df_sinusoid,[] []aes[][]([][]x[] 
[]= X,[] []y[] []= f))[] []+[] []geom_line[][]([][]color[] []=[] []muted[][]([]
[]"red"[][],[] []70[][],[] []80[][]),[] []size[] []=[] []1.1[][])[] []+[] []fac
et_wrap[][]([][]~[][]method)[] []+[] []stat_function[][]([][]fun[] []= f,[] []l
inetype[] []=[] []^^Mdashed^^M[][],[] []color[] []=[] []^^Mblack^^M[][])[] []+[
] []theme_bw[][]()[] []+[] []xlab[][]([][]"$x$"[][])[] []+[] []ylab[][]([][]"$\
OMS/cmsy/m/n/10 nn\OT1/cmtt/m/n/10 widehat f(x)$"[][])[][] 
 []


Overfull \hbox (43.49661pt too wide) in paragraph at lines 88--89
[]\OT1/cmtt/m/n/10 ## Warning in structure(NULL, class = "waiver"): Calling 'st
ructure(NULL,
 []


Overfull \hbox (43.49661pt too wide) in paragraph at lines 90--90
[]\OT1/cmtt/m/n/10 ## Warning in structure(NULL, class = "waiver"): Calling 'st
ructure(NULL,
 []


Overfull \hbox (43.49661pt too wide) in paragraph at lines 95--96
[]\OT1/cmtt/m/n/10 ## Warning in structure(NULL, class = "waiver"): Calling 'st
ructure(NULL,
 []


Overfull \hbox (43.49661pt too wide) in paragraph at lines 97--98
[]\OT1/cmtt/m/n/10 ## Warning in structure(NULL, class = "waiver"): Calling 'st
ructure(NULL,
 []


Overfull \hbox (43.49661pt too wide) in paragraph at lines 99--100
[]\OT1/cmtt/m/n/10 ## Warning in structure(NULL, class = "waiver"): Calling 'st
ructure(NULL,
 []


Overfull \hbox (43.49661pt too wide) in paragraph at lines 101--102
[]\OT1/cmtt/m/n/10 ## Warning in structure(NULL, class = "waiver"): Calling 'st
ructure(NULL,
 []


Overfull \hbox (43.49661pt too wide) in paragraph at lines 103--104
[]\OT1/cmtt/m/n/10 ## Warning in structure(NULL, class = "waiver"): Calling 'st
ructure(NULL,
 []


Overfull \hbox (43.49661pt too wide) in paragraph at lines 105--106
[]\OT1/cmtt/m/n/10 ## Warning in structure(NULL, class = "waiver"): Calling 'st
ructure(NULL,
 []


Overfull \hbox (43.49661pt too wide) in paragraph at lines 107--108
[]\OT1/cmtt/m/n/10 ## Warning in structure(NULL, class = "waiver"): Calling 'st
ructure(NULL,
 []


Overfull \hbox (43.49661pt too wide) in paragraph at lines 109--110
[]\OT1/cmtt/m/n/10 ## Warning in structure(NULL, class = "waiver"): Calling 'st
ructure(NULL,
 []


Overfull \hbox (43.49661pt too wide) in paragraph at lines 111--112
[]\OT1/cmtt/m/n/10 ## Warning in structure(NULL, class = "waiver"): Calling 'st
ructure(NULL,
 []


Overfull \hbox (43.49661pt too wide) in paragraph at lines 113--114
[]\OT1/cmtt/m/n/10 ## Warning in structure(NULL, class = "waiver"): Calling 'st
ructure(NULL,
 []


Overfull \hbox (43.49661pt too wide) in paragraph at lines 115--116
[]\OT1/cmtt/m/n/10 ## Warning in structure(NULL, class = "waiver"): Calling 'st
ructure(NULL,
 []


Overfull \hbox (43.49661pt too wide) in paragraph at lines 117--118
[]\OT1/cmtt/m/n/10 ## Warning in structure(NULL, class = "waiver"): Calling 'st
ructure(NULL,
 []


Overfull \hbox (43.49661pt too wide) in paragraph at lines 119--120
[]\OT1/cmtt/m/n/10 ## Warning in structure(NULL, class = "waiver"): Calling 'st
ructure(NULL,
 []


Overfull \hbox (43.49661pt too wide) in paragraph at lines 121--122
[]\OT1/cmtt/m/n/10 ## Warning in structure(NULL, class = "waiver"): Calling 'st
ructure(NULL,
 []


Overfull \hbox (43.49661pt too wide) in paragraph at lines 123--124
[]\OT1/cmtt/m/n/10 ## Warning in structure(NULL, class = "waiver"): Calling 'st
ructure(NULL,
 []


Overfull \hbox (43.49661pt too wide) in paragraph at lines 125--126
[]\OT1/cmtt/m/n/10 ## Warning in structure(NULL, class = "waiver"): Calling 'st
ructure(NULL,
 []


Overfull \hbox (43.49661pt too wide) in paragraph at lines 127--128
[]\OT1/cmtt/m/n/10 ## Warning in structure(NULL, class = "waiver"): Calling 'st
ructure(NULL,
 []


Overfull \hbox (43.49661pt too wide) in paragraph at lines 129--130
[]\OT1/cmtt/m/n/10 ## Warning in structure(NULL, class = "waiver"): Calling 'st
ructure(NULL,
 []


Overfull \hbox (43.49661pt too wide) in paragraph at lines 131--132
[]\OT1/cmtt/m/n/10 ## Warning in structure(NULL, class = "waiver"): Calling 'st
ructure(NULL,
 []


Overfull \hbox (43.49661pt too wide) in paragraph at lines 133--133
[]\OT1/cmtt/m/n/10 ## Warning in structure(NULL, class = "waiver"): Calling 'st
ructure(NULL,
 []

[1

{/var/lib/texmf/fonts/map/pdftex/updmap/pdftex.map}] [2]
<figure/simple-functions-1.pdf, id=13, 505.89pt x 505.89pt>
File: figure/simple-functions-1.pdf Graphic file (type pdf)

<use figure/simple-functions-1.pdf>
Package pdftex.def Info: figure/simple-functions-1.pdf used on input line 135.
(pdftex.def)             Requested size: 345.0pt x 345.00414pt.
 [3 <./figure/simple-functions-1.pdf>]
(./SinFigure.aux) ) 
Here is how much of TeX's memory you used:
 1632 strings out of 493013
 23641 string characters out of 6135683
 88887 words of memory out of 5000000
 5172 multiletter control sequences out of 15000+600000
 3976 words of font info for 16 fonts, out of 8000000 for 9000
 1141 hyphenation exceptions out of 8191
 39i,5n,25p,810b,284s stack positions out of 5000i,500n,10000p,200000b,80000s
</usr/share/texlive/texmf-dist/fonts/type1/public/amsfonts/c
m/cmex10.pfb></usr/share/texlive/texmf-dist/fonts/type1/public/amsfonts/cm/cmit
t10.pfb></usr/share/texlive/texmf-dist/fonts/type1/public/amsfonts/cm/cmmi10.pf
b></usr/share/texlive/texmf-dist/fonts/type1/public/amsfonts/cm/cmr10.pfb></usr
/share/texlive/texmf-dist/fonts/type1/public/amsfonts/cm/cmsy10.pfb></usr/share
/texlive/texmf-dist/fonts/type1/public/amsfonts/cm/cmtt10.pfb>
Output written on SinFigure.pdf (3 pages, 139838 bytes).
PDF statistics:
 48 PDF objects out of 1000 (max. 8388607)
 35 compressed objects within 1 object stream
 0 named destinations out of 1000 (max. 500000)
 6 words of extra memory for PDF output out of 10000 (max. 10000000)

